#
# A fatal error has been detected by the Java Runtime Environment:
#
#  EXCEPTION_ACCESS_VIOLATION (0xc0000005) at pc=0x000000018000f9a3, pid=75436, tid=0x00000000000100f4
#
# JRE version: Java(TM) SE Runtime Environment (8.0_151-b12) (build 1.8.0_151-b12)
# Java VM: Java HotSpot(TM) 64-Bit Server VM (25.151-b12 mixed mode windows-amd64 compressed oops)
# Problematic frame:
# C  [phidget22.dll+0xf9a3]
#
# Failed to write core dump. Minidumps are not enabled by default on client versions of Windows
#
# If you would like to submit a bug report, please visit:
#   http://bugreport.java.com/bugreport/crash.jsp
# The crash happened outside the Java Virtual Machine in native code.
# See problematic frame for where to report the bug.
#

---------------  T H R E A D  ---------------

Current thread (0x0000000029c97800):  JavaThread "Thread-0" daemon [_thread_in_native, id=65780, stack(0x000000002a480000,0x000000002a580000)]

siginfo: ExceptionCode=0xc0000005, reading address 0x0000000000000000

Registers:
RAX=0x0000000000000000, RBX=0x0000000000000000, RCX=0x0000000000000000, RDX=0x0000000000000073
RSP=0x000000002a57f210, RBP=0x000000018021d5d0, RSI=0x00000000011890a0, RDI=0x000000018022e450
R8 =0x0000000180000000, R9 =0x0000000000000000, R10=0x0000000000000001, R11=0x000000018021d548
R12=0x000000002a57f310, R13=0x000000002a57f398, R14=0x0000000000000000, R15=0x0000000001170360
RIP=0x000000018000f9a3, EFLAGS=0x0000000000010256

Top of Stack: (sp=0x000000002a57f210)
0x000000002a57f210:   0000000000000069 0000000000000000
0x000000002a57f220:   0000000000000000 00000000032316e5
0x000000002a57f230:   0000000000000000 0000000000000000
0x000000002a57f240:   00000000011890a0 0000000000000100
0x000000002a57f250:   0000000000000000 0000000000000000
0x000000002a57f260:   0000000000000000 0000000000000000
0x000000002a57f270:   0000000000000000 0000000000000000
0x000000002a57f280:   0000000000000000 0000000000000000
0x000000002a57f290:   00002f64d64e81a5 0000000000000000
0x000000002a57f2a0:   0000000001170360 0000000025e9b200
0x000000002a57f2b0:   0000000000000000 0000000000000000
0x000000002a57f2c0:   0000000000000000 0000000001170360
0x000000002a57f2d0:   0000000001170360 0000000180010e05
0x000000002a57f2e0:   000000002a57f360 0000000000000000
0x000000002a57f2f0:   0000000029bfdd70 000000002a57f348
0x000000002a57f300:   0000000029c97800 0000000029c97800 

Instructions: (pc=0x000000018000f9a3)
0x000000018000f983:   0f b7 46 24 49 83 c5 08 48 c1 e0 05 c7 44 30 28
0x000000018000f993:   0a 00 00 00 48 83 c8 ff 49 8b 4d f8 90 48 ff c0
0x000000018000f9a3:   80 3c 01 00 75 f7 48 3d 00 20 00 00 0f 87 30 06
0x000000018000f9b3:   00 00 33 d2 c7 44 24 28 86 03 00 00 4c 8d 0d 22 


Register to memory mapping:

RAX=0x0000000000000000 is an unknown value
RBX=0x0000000000000000 is an unknown value
RCX=0x0000000000000000 is an unknown value
RDX=0x0000000000000073 is an unknown value
RSP=0x000000002a57f210 is pointing into the stack for thread: 0x0000000029c97800
RBP=0x000000018021d5d0 is an unknown value
RSI=0x00000000011890a0 is an unknown value
RDI=0x000000018022e450 is an unknown value
R8 =0x0000000180000000 is an unknown value
R9 =0x0000000000000000 is an unknown value
R10=0x0000000000000001 is an unknown value
R11=0x000000018021d548 is an unknown value
R12=0x000000002a57f310 is pointing into the stack for thread: 0x0000000029c97800
R13=0x000000002a57f398 is pointing into the stack for thread: 0x0000000029c97800
R14=0x0000000000000000 is an unknown value
R15=0x0000000001170360 is an unknown value


Stack: [0x000000002a480000,0x000000002a580000],  sp=0x000000002a57f210,  free space=1020k
Native frames: (J=compiled Java code, j=interpreted, Vv=VM code, C=native code)
C  [phidget22.dll+0xf9a3]
C  [phidget22.dll+0x10e05]
C  [phidget22.dll+0x49f49]
C  [phidget22java.dll+0x84ad6]
C  0x00000000031e7f74

Java frames: (J=compiled Java code, j=interpreted, Vv=VM code)
j  com.phidget22.LCDBase.writeText(Lcom/phidget22/LCDFont;IILjava/lang/String;)V+0
j  com.app.RFID0$5.onTag(Lcom/phidget22/RFIDTagEvent;)V+82
j  com.phidget22.RFIDBase.fireTag(Lcom/phidget22/RFIDTagEvent;)V+36
v  ~StubRoutines::call_stub

---------------  P R O C E S S  ---------------

Java Threads: ( => current thread )
=>0x0000000029c97800 JavaThread "Thread-0" daemon [_thread_in_native, id=65780, stack(0x000000002a480000,0x000000002a580000)]
  0x0000000027bb7000 JavaThread "Service Thread" daemon [_thread_blocked, id=34124, stack(0x0000000029570000,0x0000000029670000)]
  0x0000000027b2e000 JavaThread "C1 CompilerThread3" daemon [_thread_blocked, id=72548, stack(0x0000000029470000,0x0000000029570000)]
  0x0000000027b2d800 JavaThread "C2 CompilerThread2" daemon [_thread_blocked, id=60612, stack(0x0000000029370000,0x0000000029470000)]
  0x0000000027b28800 JavaThread "C2 CompilerThread1" daemon [_thread_blocked, id=76188, stack(0x0000000029270000,0x0000000029370000)]
  0x0000000027b21800 JavaThread "C2 CompilerThread0" daemon [_thread_blocked, id=27908, stack(0x0000000029170000,0x0000000029270000)]
  0x0000000027b1c000 JavaThread "Attach Listener" daemon [_thread_blocked, id=54424, stack(0x0000000029070000,0x0000000029170000)]
  0x00000000031ce800 JavaThread "Signal Dispatcher" daemon [_thread_blocked, id=41052, stack(0x0000000028f70000,0x0000000029070000)]
  0x0000000027b13000 JavaThread "Finalizer" daemon [_thread_blocked, id=76404, stack(0x0000000028d70000,0x0000000028e70000)]
  0x00000000031c9000 JavaThread "Reference Handler" daemon [_thread_blocked, id=63612, stack(0x0000000028c70000,0x0000000028d70000)]
  0x00000000030d0800 JavaThread "main" [_thread_in_native, id=70036, stack(0x0000000002fd0000,0x00000000030d0000)]

Other Threads:
  0x0000000026437000 VMThread [stack: 0x0000000028b70000,0x0000000028c70000] [id=60692]
  0x0000000027bde000 WatcherThread [stack: 0x0000000029670000,0x0000000029770000] [id=22476]

VM state:not at safepoint (normal execution)

VM Mutex/Monitor currently owned by a thread: None

Heap:
 PSYoungGen      total 153088K, used 15791K [0x0000000715b80000, 0x0000000720600000, 0x00000007c0000000)
  eden space 131584K, 12% used [0x0000000715b80000,0x0000000716aebc00,0x000000071dc00000)
  from space 21504K, 0% used [0x000000071f100000,0x000000071f100000,0x0000000720600000)
  to   space 21504K, 0% used [0x000000071dc00000,0x000000071dc00000,0x000000071f100000)
 ParOldGen       total 349696K, used 0K [0x00000005c1200000, 0x00000005d6780000, 0x0000000715b80000)
  object space 349696K, 0% used [0x00000005c1200000,0x00000005c1200000,0x00000005d6780000)
 Metaspace       used 5368K, capacity 6016K, committed 6272K, reserved 1056768K
  class space    used 875K, capacity 880K, committed 896K, reserved 1048576K

Card table byte_map: [0x0000000012590000,0x0000000013590000] byte_map_base: 0x000000000f787000

Marking Bits: (ParMarkBitMap*) 0x000000007744d850
 Begin Bits: [0x0000000014a40000, 0x000000001c9f8000)
 End Bits:   [0x000000001c9f8000, 0x00000000249b0000)

Polling page: 0x0000000001670000

CodeCache: size=245760Kb used=2065Kb max_used=2065Kb free=243694Kb
 bounds [0x00000000031d0000, 0x0000000003440000, 0x00000000121d0000]
 total_blobs=624 nmethods=349 adapters=188
 compilation: enabled

Compilation events (10 events):
Event: 4.718 Thread 0x0000000027b21800  345  s    4       java.io.BufferedInputStream::read (49 bytes)
Event: 4.718 Thread 0x0000000027b2e000  346       3       java.io.DataInputStream::readInt (72 bytes)
Event: 4.718 Thread 0x0000000027b2e000 nmethod 346 0x00000000033cc610 code [0x00000000033cc7c0, 0x00000000033ccd28]
Event: 4.718 Thread 0x0000000027b2e000  349       3       java.lang.String::<init> (82 bytes)
Event: 4.719 Thread 0x0000000027b2e000 nmethod 349 0x00000000033cbcd0 code [0x00000000033cbea0, 0x00000000033cc398]
Event: 4.719 Thread 0x0000000027b2e000  347       3       java.util.StringTokenizer::scanToken (179 bytes)
Event: 4.719 Thread 0x0000000027b21800 nmethod 345 0x00000000033cb650 code [0x00000000033cb7a0, 0x00000000033cbba8]
Event: 4.720 Thread 0x0000000027b2e000 nmethod 347 0x00000000033d3e50 code [0x00000000033d40c0, 0x00000000033d53d8]
Event: 4.720 Thread 0x0000000027b2e000  348       3       java.util.HashSet::add (20 bytes)
Event: 4.720 Thread 0x0000000027b2e000 nmethod 348 0x00000000033d3590 code [0x00000000033d3700, 0x00000000033d3988]

GC Heap History (0 events):
No events

Deoptimization events (9 events):
Event: 4.700 Thread 0x0000000029c97800 Uncommon trap: reason=unstable_if action=reinterpret pc=0x00000000033a6214 method=java.lang.String.substring(II)Ljava/lang/String; @ 49
Event: 4.703 Thread 0x0000000029c97800 Uncommon trap: reason=unstable_if action=reinterpret pc=0x0000000003320754 method=java.lang.String.indexOf([CII[CIII)I @ 123
Event: 4.703 Thread 0x0000000029c97800 Uncommon trap: reason=unstable_if action=reinterpret pc=0x00000000033a36cc method=java.lang.String.equals(Ljava/lang/Object;)Z @ 66
Event: 4.705 Thread 0x0000000029c97800 Uncommon trap: reason=predicate action=maybe_recompile pc=0x00000000033989c8 method=sun.net.www.ParseUtil.encodePath(Ljava/lang/String;Z)Ljava/lang/String; @ 36
Event: 4.707 Thread 0x0000000029c97800 Uncommon trap: reason=unstable_if action=reinterpret pc=0x000000000336bcb8 method=sun.misc.URLClassPath.getLoader(I)Lsun/misc/URLClassPath$Loader; @ 36
Event: 4.708 Thread 0x0000000029c97800 Uncommon trap: reason=unstable_if action=reinterpret pc=0x0000000003373ac0 method=sun.misc.URLClassPath.getLoader(I)Lsun/misc/URLClassPath$Loader; @ 36
Event: 4.708 Thread 0x0000000029c97800 Uncommon trap: reason=unstable_if action=reinterpret pc=0x0000000003399680 method=sun.misc.MetaIndex.mayContain(Ljava/lang/String;)Z @ 13
Event: 4.709 Thread 0x0000000029c97800 Uncommon trap: reason=unstable_if action=reinterpret pc=0x0000000003362dcc method=sun.misc.MetaIndex.mayContain(Ljava/lang/String;)Z @ 13
Event: 4.718 Thread 0x0000000029c97800 Uncommon trap: reason=unstable_if action=reinterpret pc=0x00000000033820bc method=java.lang.String.<init>([CII)V @ 18

Internal exceptions (6 events):
Event: 0.032 Thread 0x00000000030d0800 Exception <a 'java/lang/NoSuchMethodError': Method sun.misc.Unsafe.defineClass(Ljava/lang/String;[BII)Ljava/lang/Class; name or signature does not match> (0x0000000715b87ca8) thrown at [C:\re\workspace\8-2-build-windows-amd64-cygwin\jdk8u151\9699\hotspot\
Event: 0.032 Thread 0x00000000030d0800 Exception <a 'java/lang/NoSuchMethodError': Method sun.misc.Unsafe.prefetchRead(Ljava/lang/Object;J)V name or signature does not match> (0x0000000715b87f90) thrown at [C:\re\workspace\8-2-build-windows-amd64-cygwin\jdk8u151\9699\hotspot\src\share\vm\prims
Event: 4.708 Thread 0x0000000029c97800 Exception <a 'java/security/PrivilegedActionException'> (0x00000007168a6a70) thrown at [C:\re\workspace\8-2-build-windows-amd64-cygwin\jdk8u151\9699\hotspot\src\share\vm\prims\jvm.cpp, line 1390]
Event: 4.708 Thread 0x0000000029c97800 Exception <a 'java/security/PrivilegedActionException'> (0x00000007168a6e68) thrown at [C:\re\workspace\8-2-build-windows-amd64-cygwin\jdk8u151\9699\hotspot\src\share\vm\prims\jvm.cpp, line 1390]
Event: 4.709 Thread 0x0000000029c97800 Exception <a 'java/security/PrivilegedActionException'> (0x00000007168aaed8) thrown at [C:\re\workspace\8-2-build-windows-amd64-cygwin\jdk8u151\9699\hotspot\src\share\vm\prims\jvm.cpp, line 1390]
Event: 4.709 Thread 0x0000000029c97800 Exception <a 'java/security/PrivilegedActionException'> (0x00000007168ab2d0) thrown at [C:\re\workspace\8-2-build-windows-amd64-cygwin\jdk8u151\9699\hotspot\src\share\vm\prims\jvm.cpp, line 1390]

Events (10 events):
Event: 4.720 loading class java/math/RoundingMode
Event: 4.720 loading class java/math/RoundingMode done
Event: 4.720 loading class java/util/Date
Event: 4.720 loading class java/util/Date done
Event: 4.721 loading class java/text/DontCareFieldPosition
Event: 4.721 loading class java/text/DontCareFieldPosition done
Event: 4.721 loading class java/text/DontCareFieldPosition$1
Event: 4.721 loading class java/text/Format$FieldDelegate
Event: 4.721 loading class java/text/Format$FieldDelegate done
Event: 4.721 loading class java/text/DontCareFieldPosition$1 done


Dynamic libraries:
0x00007ff6fc250000 - 0x00007ff6fc287000 	C:\Program Files\Java\jre1.8.0_151\bin\javaw.exe
0x00007ffced350000 - 0x00007ffced546000 	C:\WINDOWS\SYSTEM32\ntdll.dll
0x00007ffceb3b0000 - 0x00007ffceb46d000 	C:\WINDOWS\System32\KERNEL32.DLL
0x00007ffceada0000 - 0x00007ffceb069000 	C:\WINDOWS\System32\KERNELBASE.dll
0x00007ffce7b50000 - 0x00007ffce7be0000 	C:\WINDOWS\SYSTEM32\apphelp.dll
0x00007ffcebb60000 - 0x00007ffcebc0c000 	C:\WINDOWS\System32\ADVAPI32.dll
0x00007ffceb760000 - 0x00007ffceb7fe000 	C:\WINDOWS\System32\msvcrt.dll
0x00007ffcebf30000 - 0x00007ffcebfcc000 	C:\WINDOWS\System32\sechost.dll
0x00007ffceb470000 - 0x00007ffceb59b000 	C:\WINDOWS\System32\RPCRT4.dll
0x00007ffcec950000 - 0x00007ffcecaf0000 	C:\WINDOWS\System32\USER32.dll
0x00007ffceb0a0000 - 0x00007ffceb0c2000 	C:\WINDOWS\System32\win32u.dll
0x00007ffceb730000 - 0x00007ffceb75a000 	C:\WINDOWS\System32\GDI32.dll
0x00007ffceb1d0000 - 0x00007ffceb2db000 	C:\WINDOWS\System32\gdi32full.dll
0x00007ffceaa90000 - 0x00007ffceab2d000 	C:\WINDOWS\System32\msvcp_win.dll
0x00007ffceb0d0000 - 0x00007ffceb1d0000 	C:\WINDOWS\System32\ucrtbase.dll
0x00007ffcd3c10000 - 0x00007ffcd3eab000 	C:\WINDOWS\WinSxS\amd64_microsoft.windows.common-controls_6595b64144ccf1df_6.0.19041.746_none_ca02b4b61b8320a4\COMCTL32.dll
0x00007ffcebe10000 - 0x00007ffcebe40000 	C:\WINDOWS\System32\IMM32.DLL
0x0000000050560000 - 0x0000000050632000 	C:\Program Files\Java\jre1.8.0_151\bin\msvcr100.dll
0x0000000076c30000 - 0x00000000774cd000 	C:\Program Files\Java\jre1.8.0_151\bin\server\jvm.dll
0x00007ffcecca0000 - 0x00007ffcecca8000 	C:\WINDOWS\System32\PSAPI.DLL
0x00007ffce3630000 - 0x00007ffce363a000 	C:\WINDOWS\SYSTEM32\VERSION.dll
0x00007ffcdef70000 - 0x00007ffcdef97000 	C:\WINDOWS\SYSTEM32\WINMM.dll
0x00007ffcd0740000 - 0x00007ffcd0749000 	C:\WINDOWS\SYSTEM32\WSOCK32.dll
0x00007ffcebd40000 - 0x00007ffcebdab000 	C:\WINDOWS\System32\WS2_32.dll
0x0000000077db0000 - 0x0000000077dbf000 	C:\Program Files\Java\jre1.8.0_151\bin\verify.dll
0x0000000076c00000 - 0x0000000076c29000 	C:\Program Files\Java\jre1.8.0_151\bin\java.dll
0x0000000076be0000 - 0x0000000076bf6000 	C:\Program Files\Java\jre1.8.0_151\bin\zip.dll
0x00007ffcebfd0000 - 0x00007ffcec712000 	C:\WINDOWS\System32\SHELL32.dll
0x00007ffce87f0000 - 0x00007ffce8f80000 	C:\WINDOWS\SYSTEM32\windows.storage.dll
0x00007ffceb800000 - 0x00007ffcebb56000 	C:\WINDOWS\System32\combase.dll
0x00007ffcea480000 - 0x00007ffcea4ac000 	C:\WINDOWS\SYSTEM32\Wldp.dll
0x00007ffceb670000 - 0x00007ffceb71e000 	C:\WINDOWS\System32\SHCORE.dll
0x00007ffcec7d0000 - 0x00007ffcec825000 	C:\WINDOWS\System32\shlwapi.dll
0x00007ffcea9c0000 - 0x00007ffcea9e6000 	C:\WINDOWS\SYSTEM32\profapi.dll
0x0000000180000000 - 0x0000000180299000 	C:\Windows\System32\phidget22.dll
0x00007ffcecea0000 - 0x00007ffced307000 	C:\WINDOWS\System32\SETUPAPI.dll
0x00007ffceb360000 - 0x00007ffceb3ae000 	C:\WINDOWS\System32\cfgmgr32.dll
0x00007ffceb070000 - 0x00007ffceb097000 	C:\WINDOWS\System32\bcrypt.dll
0x00007ffce9040000 - 0x00007ffce904d000 	C:\WINDOWS\SYSTEM32\HID.DLL
0x00007ffce3a90000 - 0x00007ffce3a9c000 	C:\WINDOWS\SYSTEM32\WINUSB.DLL
0x00007ffcea390000 - 0x00007ffcea39c000 	C:\WINDOWS\SYSTEM32\CRYPTBASE.DLL
0x0000000052010000 - 0x0000000052029000 	C:\WINDOWS\SYSTEM32\dnssd.dll
0x0000000029850000 - 0x0000000029b7c000 	C:\Windows\System32\phidget22java.dll
0x00007ffcea7c0000 - 0x00007ffcea7ec000 	C:\WINDOWS\SYSTEM32\DEVOBJ.dll
0x00007ffceab30000 - 0x00007ffceab90000 	C:\WINDOWS\System32\WINTRUST.dll
0x00007ffceac40000 - 0x00007ffcead96000 	C:\WINDOWS\System32\CRYPT32.dll
0x00007ffcea600000 - 0x00007ffcea612000 	C:\WINDOWS\SYSTEM32\MSASN1.dll
0x00007ffce9050000 - 0x00007ffce9234000 	C:\WINDOWS\SYSTEM32\dbghelp.dll
0x00007ffceb2e0000 - 0x00007ffceb360000 	C:\WINDOWS\System32\bcryptPrimitives.dll

VM Arguments:
jvm_args: -Dfile.encoding=Cp1252 
java_command: com.app.RFID0
java_class_path (initial): D:\Swansea\teaching\H&D\eclipse\Kane\bin;C:\Program Files\Phidgets\Phidget22\phidget22.jar
Launcher Type: SUN_STANDARD

Environment Variables:
PATH=C:/Program Files/Java/jre1.8.0_151/bin/server;C:/Program Files/Java/jre1.8.0_151/bin;C:/Program Files/Java/jre1.8.0_151/lib/amd64;C:\ProgramData\Oracle\Java\javapath;C:\Windows\system32;C:\Windows;C:\Windows\System32\Wbem;C:\Windows\System32\WindowsPowerShell\v1.0\;C:\Windows\System32\OpenSSH\;C:\Program Files (x86)\NVIDIA Corporation\PhysX\Common;C:\Program Files\NVIDIA Corporation\NVIDIA NvDLISR;C:\WINDOWS\system32;C:\WINDOWS;C:\WINDOWS\System32\Wbem;C:\WINDOWS\System32\WindowsPowerShell\v1.0\;C:\WINDOWS\System32\OpenSSH\;C:\Program Files\PuTTY\;C:\Program Files (x86)\scala\bin;C:\Program Files (x86)\Microsoft SQL Server\150\DTS\Binn\;C:\Program Files\Git\cmd;C:\Program Files\Git\mingw64\bin;C:\Program Files\Git\usr\bin;C:\Program Files (x86)\Pulse Secure\VC142.CRT\X64\;C:\Program Files (x86)\Pulse Secure\VC142.CRT\X86\;C:\Users\Jiten\AppData\Local\Programs\Python\Python38\Scripts\;C:\Users\Jiten\AppData\Local\Programs\Python\Python38\;C:\Users\Jiten\AppData\Local\Microsoft\WindowsApps;C:\Users\Jiten\AppData\Local\GitHubDesktop\bin;C:\Program Files\JetBrains\PhpStorm 2020.2\bin;;C:\Users\Jiten\AppData\Local\Programs\Microsoft VS Code\bin;D:\Softwares\eclipse\eclipse-java-2019-06-R-win32-x86_64\eclipse;
USERNAME=Jiten
OS=Windows_NT
PROCESSOR_IDENTIFIER=Intel64 Family 6 Model 158 Stepping 13, GenuineIntel



---------------  S Y S T E M  ---------------

OS: Windows 10.0 , 64 bit Build 19041 (10.0.19041.804)

CPU:total 12 (initial active 12) (6 cores per cpu, 2 threads per core) family 6 model 158 stepping 13, cmov, cx8, fxsr, mmx, sse, sse2, sse3, ssse3, sse4.1, sse4.2, popcnt, avx, avx2, aes, clmul, erms, 3dnowpref, lzcnt, ht, tsc, tscinvbit, bmi1, bmi2, adx

Memory: 4k page, physical 33475136k(18398612k free), swap 38455872k(14999492k free)

vm_info: Java HotSpot(TM) 64-Bit Server VM (25.151-b12) for windows-amd64 JRE (1.8.0_151-b12), built on Sep  5 2017 19:33:46 by "java_re" with MS VC++ 10.0 (VS2010)

time: Sun Mar 07 02:35:40 2021
elapsed time: 4 seconds (0d 0h 0m 4s)

